Arguments: 
  C:\Program Files\nodejs\node.exe C:\Program Files\nodejs\node_modules\yarn\bin\yarn.js add browserify

PATH: 
  C:\Users\cluxn\bin;C:\Program Files\Git\mingw64\bin;C:\Program Files\Git\usr\local\bin;C:\Program Files\Git\usr\bin;C:\Program Files\Git\usr\bin;C:\Program Files\Git\mingw64\bin;C:\Program Files\Git\usr\bin;C:\Users\cluxn\bin;C:\Program Files (x86)\Common Files\Oracle\Java\javapath;C:\Windows\system32;C:\Windows;C:\Windows\System32\Wbem;C:\Windows\System32\WindowsPowerShell\v1.0;C:\Windows\System32\OpenSSH;C:\Program Files\NVIDIA Corporation\NVIDIA NvDLISR;C:\Program Files\Git\cmd;C:\Program Files (x86)\NVIDIA Corporation\PhysX\Common;C:\Users\cluxn\AppData\Roaming\nvm;C:\Program Files\nodejs;C:\laragon\bin\php\php-7.4.15-nts-Win32-vc15-x64;C:\ProgramData\ComposerSetup\bin;C:\ffmpeg-2021-02-16-git-8331eb058d-full_build\bin;C:\MinGW\bin;C:\Users\cluxn\AppData\Local\Android\Sdk\platform-tools;C:\Users\cluxn\AppData\Local\Android\Sdk\tools;C:\Program Files\PuTTY;C:\laragon\bin;C:\laragon\bin\apache\httpd-2.4.35-win64-VC15\bin;C:\laragon\bin\composer;C:\laragon\bin\laragon\utils;C:\laragon\bin\mysql\mysql-5.7.24-winx64\bin;C:\laragon\bin\nginx\nginx-1.16.0;C:\laragon\bin\ngrok;C:\laragon\bin\notepad++;C:\laragon\bin\php\php-7.4.15-nts-Win32-vc15-x64;C:\laragon\bin\putty;C:\laragon\bin\redis\redis-x64-3.2.100;C:\laragon\bin\telnet;C:\laragon\usr\bin;C:\Users\cluxn\AppData\Local\Yarn\config\global\node_modules\.bin;C:\Users\cluxn\AppData\Roaming\Composer\vendor\bin;C:\Users\cluxn\AppData\Roaming\npm;C:\Users\cluxn\AppData\Local\Programs\Python\Python39\Scripts;C:\Users\cluxn\AppData\Local\Programs\Python\Python39;C:\Users\cluxn\AppData\Local\Microsoft\WindowsApps;C:\Users\cluxn\AppData\Local\Programs\Microsoft VS Code\bin;C:\Users\cluxn\AppData\Roaming\nvm;C:\Program Files\Git\usr\bin\vendor_perl;C:\Program Files\Git\usr\bin\core_perl

Yarn version: 
  1.22.10

Node version: 
  14.15.5

Platform: 
  win32 x64

Trace: 
  SyntaxError: A:\viamaker-hp-envy\Documentos\uptime-dash\package.json: Unexpected token } in JSON at position 250
      at JSON.parse (<anonymous>)
      at C:\Users\cluxn\AppData\Roaming\nvm\v14.15.5\node_modules\yarn\lib\cli.js:1625:59
      at Generator.next (<anonymous>)
      at step (C:\Users\cluxn\AppData\Roaming\nvm\v14.15.5\node_modules\yarn\lib\cli.js:310:30)
      at C:\Users\cluxn\AppData\Roaming\nvm\v14.15.5\node_modules\yarn\lib\cli.js:321:13

npm manifest: 
  {
    "name": "uptime-dash",
    "version": "1.0.0",
    "main": "src/index.js",
    "repository": "git@github.com:Cluxnei/uptime-dash.git",
    "author": "Cluxnei <cluxnei31@gmail.com>",
    "license": "MIT",
    "scripts": {
      "dev": "nodemon src/index.js",
    }
  }

yarn manifest: 
  No manifest

Lockfile: 
  No lockfile
